C:\Program Files (x86)\Microsoft Visual Studio\2019\Community\MSBuild\Microsoft\VC\v160\Microsoft.CppBuild.targets(513,5): warning MSB8028: промежуточный каталог (Release\) содержит файлы, которые используются совместно с другим проектом (Practical1.vcxproj).  Это может привести к ошибкам очистки и перестроения.
  Button.cpp
C:\Users\root\source\repos\Class 10\LineTextEditor\LineTextEditor\Button.cpp(18,68): warning C4244: аргумент: преобразование "int" в "T", возможна потеря данных
          with
          [
              T=float
          ]
C:\Users\root\source\repos\Class 10\LineTextEditor\LineTextEditor\Button.cpp(18,43): warning C4244: аргумент: преобразование "int" в "T", возможна потеря данных
          with
          [
              T=float
          ]
C:\Users\root\source\repos\Class 10\LineTextEditor\LineTextEditor\Button.cpp(19,46): warning C4244: аргумент: преобразование "int" в "float", возможна потеря данных
C:\Users\root\source\repos\Class 10\LineTextEditor\LineTextEditor\Button.cpp(19,30): warning C4244: аргумент: преобразование "int" в "float", возможна потеря данных
  Config.h
  InsertWindow.cpp
C:\Users\root\source\repos\Class 10\LineTextEditor\LineTextEditor\InsertWindow.cpp(19,75): warning C4244: аргумент: преобразование "T" в "float", возможна потеря данных
          with
          [
              T=unsigned int
          ]
C:\Users\root\source\repos\Class 10\LineTextEditor\LineTextEditor\InsertWindow.cpp(25,123): warning C4244: аргумент: преобразование "int" в "float", возможна потеря данных
C:\Users\root\source\repos\Class 10\LineTextEditor\LineTextEditor\InsertWindow.cpp(25,73): warning C4244: аргумент: преобразование "T" в "float", возможна потеря данных
          with
          [
              T=unsigned int
          ]
C:\Users\root\source\repos\Class 10\LineTextEditor\LineTextEditor\InsertWindow.cpp(36,59): warning C4244: аргумент: преобразование "T" в "float", возможна потеря данных
          with
          [
              T=unsigned int
          ]
C:\Users\root\source\repos\Class 10\LineTextEditor\LineTextEditor\InsertWindow.cpp(42,57): warning C4244: аргумент: преобразование "T" в "float", возможна потеря данных
          with
          [
              T=unsigned int
          ]
C:\Users\root\source\repos\Class 10\LineTextEditor\LineTextEditor\InsertWindow.cpp(161,60): warning C4018: >: несоответствие типов со знаком и без знака
C:\Users\root\source\repos\Class 10\LineTextEditor\LineTextEditor\InsertWindow.cpp(161,95): warning C4018: >: несоответствие типов со знаком и без знака
  Main.cpp
C:\Users\root\source\repos\Class 10\LineTextEditor\LineTextEditor\Main.cpp(19,50): warning C4244: инициализация: преобразование "double" в "uint16_t", возможна потеря данных
C:\Users\root\source\repos\Class 10\LineTextEditor\LineTextEditor\Main.cpp(56,13): warning C4267: инициализация: преобразование из "size_t" в "uint16_t"; возможна потеря данных
C:\Users\root\source\repos\Class 10\LineTextEditor\LineTextEditor\Main.cpp(236,17): warning C4244: =: преобразование "int16_t" в "uint8_t", возможна потеря данных
C:\Users\root\source\repos\Class 10\LineTextEditor\LineTextEditor\Main.cpp(263,48): warning C4244: аргумент: преобразование "double" в "unsigned int", возможна потеря данных
C:\Users\root\source\repos\Class 10\LineTextEditor\LineTextEditor\Main.cpp(267,156): warning C4244: аргумент: преобразование "int" в "float", возможна потеря данных
C:\Users\root\source\repos\Class 10\LineTextEditor\LineTextEditor\Main.cpp(267,43): warning C4244: аргумент: преобразование "double" в "float", возможна потеря данных
C:\Users\root\source\repos\Class 10\LineTextEditor\LineTextEditor\Main.cpp(273,125): warning C4244: аргумент: преобразование "int" в "float", возможна потеря данных
C:\Users\root\source\repos\Class 10\LineTextEditor\LineTextEditor\Main.cpp(273,40): warning C4244: аргумент: преобразование "double" в "float", возможна потеря данных
C:\Users\root\source\repos\Class 10\LineTextEditor\LineTextEditor\Main.cpp(496,60): warning C4018: >: несоответствие типов со знаком и без знака
C:\Users\root\source\repos\Class 10\LineTextEditor\LineTextEditor\Main.cpp(496,95): warning C4018: >: несоответствие типов со знаком и без знака
  FileWindow.cpp
  ModifyWindow.cpp
C:\Users\root\source\repos\Class 10\LineTextEditor\LineTextEditor\ModifyWindow.cpp(19,73): warning C4244: аргумент: преобразование "T" в "float", возможна потеря данных
          with
          [
              T=unsigned int
          ]
C:\Users\root\source\repos\Class 10\LineTextEditor\LineTextEditor\ModifyWindow.cpp(29,57): warning C4244: аргумент: преобразование "T" в "float", возможна потеря данных
          with
          [
              T=unsigned int
          ]
C:\Users\root\source\repos\Class 10\LineTextEditor\LineTextEditor\ModifyWindow.cpp(41,62): warning C4244: аргумент: преобразование "int" в "float", возможна потеря данных
C:\Users\root\source\repos\Class 10\LineTextEditor\LineTextEditor\ModifyWindow.cpp(55,83): warning C4244: аргумент: преобразование "int" в "float", возможна потеря данных
C:\Users\root\source\repos\Class 10\LineTextEditor\LineTextEditor\ModifyWindow.cpp(66,71): warning C4244: аргумент: преобразование "int" в "float", возможна потеря данных
C:\Users\root\source\repos\Class 10\LineTextEditor\LineTextEditor\ModifyWindow.cpp(68,102): warning C4244: аргумент: преобразование "int" в "float", возможна потеря данных
C:\Users\root\source\repos\Class 10\LineTextEditor\LineTextEditor\ModifyWindow.cpp(177,60): warning C4018: >: несоответствие типов со знаком и без знака
C:\Users\root\source\repos\Class 10\LineTextEditor\LineTextEditor\ModifyWindow.cpp(177,95): warning C4018: >: несоответствие типов со знаком и без знака
C:\Users\root\source\repos\Class 10\LineTextEditor\LineTextEditor\ModifyWindow.cpp(241,74): warning C4244: аргумент: преобразование "T" в "float", возможна потеря данных
          with
          [
              T=unsigned int
          ]
C:\Users\root\source\repos\Class 10\LineTextEditor\LineTextEditor\ModifyWindow.cpp(369,60): warning C4018: >: несоответствие типов со знаком и без знака
C:\Users\root\source\repos\Class 10\LineTextEditor\LineTextEditor\ModifyWindow.cpp(369,95): warning C4018: >: несоответствие типов со знаком и без знака
C:\Users\root\source\repos\Class 10\LineTextEditor\LineTextEditor\ModifyWindow.cpp(410,129): warning C4244: аргумент: преобразование "int" в "float", возможна потеря данных
C:\Users\root\source\repos\Class 10\LineTextEditor\LineTextEditor\ModifyWindow.cpp(410,75): warning C4244: аргумент: преобразование "T" в "float", возможна потеря данных
          with
          [
              T=unsigned int
          ]
C:\Users\root\source\repos\Class 10\LineTextEditor\LineTextEditor\ModifyWindow.cpp(416,127): warning C4244: аргумент: преобразование "int" в "float", возможна потеря данных
C:\Users\root\source\repos\Class 10\LineTextEditor\LineTextEditor\ModifyWindow.cpp(416,73): warning C4244: аргумент: преобразование "T" в "float", возможна потеря данных
          with
          [
              T=unsigned int
          ]
C:\Users\root\source\repos\Class 10\LineTextEditor\LineTextEditor\ModifyWindow.cpp(428,113): warning C4244: аргумент: преобразование "int" в "float", возможна потеря данных
C:\Users\root\source\repos\Class 10\LineTextEditor\LineTextEditor\ModifyWindow.cpp(428,59): warning C4244: аргумент: преобразование "T" в "float", возможна потеря данных
          with
          [
              T=unsigned int
          ]
C:\Users\root\source\repos\Class 10\LineTextEditor\LineTextEditor\ModifyWindow.cpp(434,111): warning C4244: аргумент: преобразование "int" в "float", возможна потеря данных
C:\Users\root\source\repos\Class 10\LineTextEditor\LineTextEditor\ModifyWindow.cpp(434,57): warning C4244: аргумент: преобразование "T" в "float", возможна потеря данных
          with
          [
              T=unsigned int
          ]
C:\Users\root\source\repos\Class 10\LineTextEditor\LineTextEditor\ModifyWindow.cpp(446,83): warning C4244: аргумент: преобразование "int" в "T", возможна потеря данных
          with
          [
              T=float
          ]
C:\Users\root\source\repos\Class 10\LineTextEditor\LineTextEditor\ModifyWindow.cpp(467,85): warning C4244: аргумент: преобразование "int" в "float", возможна потеря данных
C:\Users\root\source\repos\Class 10\LineTextEditor\LineTextEditor\ModifyWindow.cpp(490,85): warning C4244: аргумент: преобразование "int" в "float", возможна потеря данных
C:\Users\root\source\repos\Class 10\LineTextEditor\LineTextEditor\ModifyWindow.cpp(492,116): warning C4244: аргумент: преобразование "int" в "float", возможна потеря данных
C:\Users\root\source\repos\Class 10\LineTextEditor\LineTextEditor\ModifyWindow.cpp(511,77): warning C4244: аргумент: преобразование "int" в "float", возможна потеря данных
C:\Users\root\source\repos\Class 10\LineTextEditor\LineTextEditor\ModifyWindow.cpp(518,75): warning C4244: аргумент: преобразование "int" в "float", возможна потеря данных
C:\Users\root\source\repos\Class 10\LineTextEditor\LineTextEditor\ModifyWindow.cpp(671,60): warning C4018: >: несоответствие типов со знаком и без знака
C:\Users\root\source\repos\Class 10\LineTextEditor\LineTextEditor\ModifyWindow.cpp(671,95): warning C4018: >: несоответствие типов со знаком и без знака
  Создание кода
  Previous IPDB was built with incompatible compiler, fall back to full compilation.
  All 716 functions were compiled because no usable IPDB/IOBJ from previous compilation was found.
  Создание кода завершено
  LineTextEditor.vcxproj -> C:\Users\root\source\repos\Class 10\LineTextEditor\Release\LineTextEditor.exe
